{"name":"test_run","timestamp":"2025-10-09T22:26:57.928Z","payload":{"project":"telemetry-demo","stage":"initial","status":"pass"}}
{"name":"repair_attempt","timestamp":"2025-10-09T22:26:57.935Z","payload":{"project":"telemetry-demo","attempts":1,"finalStatus":"pass","successAttempt":1}}
{"name":"generation_complete","timestamp":"2025-10-09T22:26:57.942Z","payload":{"project":"telemetry-demo","status":"pass"}}
{"name":"generation_start","timestamp":"2025-10-09T22:26:57.954Z","payload":{"project":"clarify-demo"}}
{"name":"generation_start","timestamp":"2025-10-09T22:26:57.959Z","payload":{"project":"telemetry-demo"}}
{"name":"test_run","timestamp":"2025-10-09T22:26:57.962Z","payload":{"project":"clarify-demo","stage":"initial","status":"pass"}}
{"name":"test_run","timestamp":"2025-10-09T22:26:57.964Z","payload":{"project":"telemetry-demo","stage":"initial","status":"fail"}}
{"name":"repair_attempt","timestamp":"2025-10-09T22:26:57.968Z","payload":{"project":"clarify-demo","attempts":1,"finalStatus":"pass","successAttempt":1}}
{"name":"generation_complete","timestamp":"2025-10-09T22:26:57.974Z","payload":{"project":"clarify-demo","status":"pass"}}
{"name":"repair_attempt","timestamp":"2025-10-09T22:26:57.975Z","payload":{"project":"telemetry-demo","attempts":4,"finalStatus":"exhausted","successAttempt":null}}
{"name":"test_run","timestamp":"2025-10-09T22:26:57.976Z","payload":{"project":"telemetry-demo","stage":"repair-1","status":"fail"}}
{"name":"generation_start","timestamp":"2025-10-09T22:26:57.976Z","payload":{"project":"phase1-demo"}}
{"name":"test_run","timestamp":"2025-10-09T22:26:57.976Z","payload":{"project":"telemetry-demo","stage":"repair-2","status":"fail"}}
{"name":"test_run","timestamp":"2025-10-09T22:26:57.978Z","payload":{"project":"telemetry-demo","stage":"repair-3","status":"fail"}}
{"name":"test_run","timestamp":"2025-10-09T22:26:57.979Z","payload":{"project":"telemetry-demo","stage":"repair-4","status":"fail"}}
{"name":"generation_complete","timestamp":"2025-10-09T22:26:57.985Z","payload":{"project":"telemetry-demo","status":"fail"}}
{"name":"generation_start","timestamp":"2025-10-09T22:26:58.000Z","payload":{"project":"clarify-demo"}}
{"name":"generation_start","timestamp":"2025-10-09T22:26:58.011Z","payload":{"project":"telemetry-demo"}}
{"name":"test_run","timestamp":"2025-10-09T22:26:58.018Z","payload":{"project":"clarify-demo","stage":"initial","status":"pass"}}
{"name":"test_run","timestamp":"2025-10-09T22:26:58.018Z","payload":{"project":"telemetry-demo","stage":"initial","status":"pass"}}
{"name":"repair_attempt","timestamp":"2025-10-09T22:26:58.019Z","payload":{"project":"clarify-demo","attempts":1,"finalStatus":"pass","successAttempt":1}}
{"name":"repair_attempt","timestamp":"2025-10-09T22:26:58.020Z","payload":{"project":"telemetry-demo","attempts":1,"finalStatus":"pass","successAttempt":1}}
{"name":"generation_complete","timestamp":"2025-10-09T22:26:58.027Z","payload":{"project":"telemetry-demo","status":"pass"}}
{"name":"generation_complete","timestamp":"2025-10-09T22:26:58.027Z","payload":{"project":"clarify-demo","status":"pass"}}
{"name":"generation_start","timestamp":"2025-10-09T22:26:58.043Z","payload":{"project":"telemetry-demo"}}
{"name":"test_run","timestamp":"2025-10-09T22:26:58.066Z","payload":{"project":"telemetry-demo","stage":"initial","status":"pass"}}
{"name":"test_run","timestamp":"2025-10-09T22:26:58.067Z","payload":{"project":"phase1-demo","stage":"initial","status":"fail"}}
{"name":"repair_attempt","timestamp":"2025-10-09T22:26:58.069Z","payload":{"project":"telemetry-demo","attempts":1,"finalStatus":"pass","successAttempt":1}}
{"name":"repair_attempt","timestamp":"2025-10-09T22:26:58.089Z","payload":{"project":"phase1-demo","attempts":2,"finalStatus":"pass","successAttempt":2}}
{"name":"test_run","timestamp":"2025-10-09T22:26:58.098Z","payload":{"project":"phase1-demo","stage":"repair-1","status":"fail"}}
{"name":"generation_complete","timestamp":"2025-10-09T22:26:58.101Z","payload":{"project":"telemetry-demo","status":"pass"}}
{"name":"test_run","timestamp":"2025-10-09T22:26:58.104Z","payload":{"project":"phase1-demo","stage":"repair-2","status":"pass"}}
{"name":"generation_complete","timestamp":"2025-10-09T22:26:58.136Z","payload":{"project":"phase1-demo","status":"pass"}}
{"name":"test_run","timestamp":"2025-10-09T22:27:01.548Z","payload":{"project":"passing","stage":"manual","status":"pass"}}
{"name":"generation_start","timestamp":"2025-10-10T06:37:44.910Z","payload":{"project":"06hello","mode":"plan"}}
{"name":"plan_progress","timestamp":"2025-10-10T06:39:23.851Z","payload":{"project":"06hello","subtask":"initialize-express-project","status":"completed","percent":12.5}}
{"name":"plan_snapshot","timestamp":"2025-10-10T06:39:23.851Z","payload":{"project":"06hello","completed":1,"failed":0,"percent":12.5}}
{"name":"plan_progress","timestamp":"2025-10-10T06:40:30.044Z","payload":{"project":"06hello","subtask":"configure-port-and-server","status":"completed","percent":25}}
{"name":"plan_snapshot","timestamp":"2025-10-10T06:40:30.044Z","payload":{"project":"06hello","completed":2,"failed":0,"percent":25}}
{"name":"plan_progress","timestamp":"2025-10-10T06:44:50.063Z","payload":{"project":"06hello","subtask":"set-up-tailwind","status":"failed","percent":25}}
{"name":"plan_snapshot","timestamp":"2025-10-10T06:44:50.063Z","payload":{"project":"06hello","completed":2,"failed":1,"percent":25}}
{"name":"generation_complete","timestamp":"2025-10-10T06:44:50.070Z","payload":{"project":"06hello","status":"fail","mode":"plan"}}
